Build started 2/24/2014 10:06:58 PM.
     1>Project "C:\Users\charl_000\documents\visual studio 2013\Projects\Ray Tracer\Ray Tracer\Ray Tracer.vcxproj" on node 2 (Build target(s)).
     1>ClCompile:
         C:\Program Files (x86)\Microsoft Visual Studio 12.0\VC\bin\CL.exe /c /Zi /nologo /W3 /WX- /sdl /O2 /Oi /Oy- /GL /D WIN32 /D NDEBUG /D _CONSOLE /D _LIB /D _UNICODE /D UNICODE /Gm- /EHsc /MD /GS /Gy /fp:precise /Zc:wchar_t /Zc:forScope /openmp /Fo"Release\\" /Fd"Release\vc120.pdb" /Gd /TP /analyze- /errorReport:prompt DisplayEngine.cpp ObjLoader.cpp "Ray Tracer.cpp" Sphere.cpp Triangle.cpp
         DisplayEngine.cpp
     1>DisplayEngine.cpp(15): warning C4305: 'initializing' : truncation from 'double' to 'float'
     1>DisplayEngine.cpp(113): warning C4018: '<' : signed/unsigned mismatch
         ObjLoader.cpp
     1>ObjLoader.cpp(29): warning C4244: '=' : conversion from 'double' to 'float', possible loss of data
     1>ObjLoader.cpp(49): warning C4244: '=' : conversion from 'int' to 'float', possible loss of data
     1>ObjLoader.cpp(50): warning C4244: '=' : conversion from 'int' to 'float', possible loss of data
     1>ObjLoader.cpp(70): warning C4018: '<' : signed/unsigned mismatch
     1>ObjLoader.cpp(73): warning C4244: 'argument' : conversion from 'float' to 'unsigned int', possible loss of data
     1>ObjLoader.cpp(74): warning C4244: 'argument' : conversion from 'float' to 'unsigned int', possible loss of data
     1>ObjLoader.cpp(75): warning C4244: 'argument' : conversion from 'float' to 'unsigned int', possible loss of data
         Ray Tracer.cpp
         Sphere.cpp
         Triangle.cpp
     1>Triangle.cpp(32): warning C4244: 'initializing' : conversion from 'double' to 'float', possible loss of data
     1>Triangle.cpp(36): warning C4244: 'initializing' : conversion from 'double' to 'float', possible loss of data
       Link:
         C:\Program Files (x86)\Microsoft Visual Studio 12.0\VC\bin\link.exe /ERRORREPORT:PROMPT /OUT:"C:\Users\charl_000\documents\visual studio 2013\Projects\Ray Tracer\Release\Ray Tracer.exe" /INCREMENTAL:NO /NOLOGO glew32.lib glu32.lib opengl32.lib glut32.lib kernel32.lib user32.lib gdi32.lib winspool.lib comdlg32.lib advapi32.lib shell32.lib ole32.lib oleaut32.lib uuid.lib odbc32.lib odbccp32.lib kernel32.lib user32.lib gdi32.lib winspool.lib comdlg32.lib advapi32.lib shell32.lib ole32.lib oleaut32.lib uuid.lib odbc32.lib odbccp32.lib /MANIFEST /MANIFESTUAC:"level='asInvoker' uiAccess='false'" /manifest:embed /DEBUG /PDB:"C:\Users\charl_000\documents\visual studio 2013\Projects\Ray Tracer\Release\Ray Tracer.pdb" /SUBSYSTEM:CONSOLE /OPT:REF /OPT:ICF /LTCG /TLBID:1 /DYNAMICBASE /NXCOMPAT /IMPLIB:"C:\Users\charl_000\documents\visual studio 2013\Projects\Ray Tracer\Release\Ray Tracer.lib" /MACHINE:X86 /SAFESEH Release\DisplayEngine.obj
         Release\ObjLoader.obj
         "Release\Ray Tracer.obj"
         Release\Sphere.obj
         Release\Triangle.obj
         Generating code
         Finished generating code
     1>glut32.lib(glut32.dll) : error LNK2026: module unsafe for SAFESEH image.
     1>glut32.lib(glut32.dll) : error LNK2026: module unsafe for SAFESEH image.
     1>glut32.lib(glut32.dll) : error LNK2026: module unsafe for SAFESEH image.
     1>glut32.lib(glut32.dll) : error LNK2026: module unsafe for SAFESEH image.
     1>glut32.lib(glut32.dll) : error LNK2026: module unsafe for SAFESEH image.
     1>glut32.lib(glut32.dll) : error LNK2026: module unsafe for SAFESEH image.
     1>glut32.lib(glut32.dll) : error LNK2026: module unsafe for SAFESEH image.
     1>C:\Users\charl_000\documents\visual studio 2013\Projects\Ray Tracer\Release\Ray Tracer.exe : fatal error LNK1281: Unable to generate SAFESEH image.
     1>Done Building Project "C:\Users\charl_000\documents\visual studio 2013\Projects\Ray Tracer\Ray Tracer\Ray Tracer.vcxproj" (Build target(s)) -- FAILED.

Build FAILED.

Time Elapsed 00:00:06.02
